<?xml version="1.0" encoding="UTF-8"?>
<!-- Generated by org.testng.reporters.JUnitReportReporter -->
<testsuite hostname="LAPTOP-6G29KF23" failures="0" tests="1" name="my_project.RequestDemo" time="8.952" errors="0" timestamp="2024-01-14T00:10:15 IST" skipped="0">
  <testcase classname="my_project.RequestDemo" name="demoRequest" time="8.952"/>
</testsuite> <!-- my_project.RequestDemo -->
