<?xml version="1.0" encoding="UTF-8"?>
<!-- Generated by org.testng.reporters.JUnitReportReporter -->
<testsuite hostname="LAPTOP-6G29KF23" failures="0" tests="1" name="my_project.ProductsPage" time="2.335" errors="0" timestamp="2024-01-14T00:10:15 IST" skipped="0">
  <testcase classname="my_project.ProductsPage" name="ProductDetailsPage" time="2.335"/>
</testsuite> <!-- my_project.ProductsPage -->
