<?xml version="1.0" encoding="UTF-8"?>
<!-- Generated by org.testng.reporters.JUnitReportReporter -->
<testsuite hostname="LAPTOP-6G29KF23" failures="0" tests="1" name="my_project.ValidateTitleOfPage" time="0.035" errors="0" timestamp="2024-01-14T00:10:15 IST" skipped="0">
  <testcase classname="my_project.ValidateTitleOfPage" name="Title" time="0.035"/>
</testsuite> <!-- my_project.ValidateTitleOfPage -->
