<?xml version="1.0" encoding="UTF-8"?>
<!-- Generated by org.testng.reporters.JUnitReportReporter -->
<testsuite hostname="LAPTOP-6G29KF23" failures="0" tests="2" name="com.sdet.AppTest" time="0.023" errors="0" timestamp="2023-10-13T14:07:04 IST" skipped="0">
  <testcase classname="com.sdet.AppTest" name="testlogin2" time="0.002"/>
  <testcase classname="com.sdet.AppTest" name="testlogin1" time="0.021"/>
</testsuite> <!-- com.sdet.AppTest -->
