<?xml version="1.0" encoding="UTF-8"?>
<!-- Generated by org.testng.reporters.JUnitReportReporter -->
<testsuite hostname="LAPTOP-6G29KF23" failures="0" tests="1" name="com.sdet.TC_login" time="14.910" errors="0" timestamp="2024-01-13T11:39:42 IST" skipped="0">
  <testcase classname="com.sdet.TC_login" name="login_test" time="14.910"/>
</testsuite> <!-- com.sdet.TC_login -->
